2023.03.04 16:46:04 INFO  Started: Metals version 0.11.10+167-add6d4b8-SNAPSHOT in workspace 'C:\Users\Utilisateur\Desktop\Cours\Univ\L2\Cal\calprojet1' for client Visual Studio Code 1.76.0.
SLF4J: No SLF4J providers were found.
SLF4J: Defaulting to no-operation (NOP) logger implementation
SLF4J: See https://www.slf4j.org/codes.html#noProviders for further details.
SLF4J: Class path contains SLF4J bindings targeting slf4j-api versions 1.7.x or earlier.
SLF4J: Ignoring binding found at [jar:file:/C:/Users/Utilisateur/AppData/Local/Coursier/cache/v1/https/repo1.maven.org/maven2/com/outr/scribe-slf4j_2.13/3.11.0/scribe-slf4j_2.13-3.11.0.jar!/org/slf4j/impl/StaticLoggerBinder.class]
SLF4J: See https://www.slf4j.org/codes.html#ignoredBindings for an explanation.
2023.03.04 16:46:05 INFO  time: initialize in 0.73s
2023.03.04 16:46:07 WARN  Build server is not auto-connectable.
2023.03.04 16:46:07 WARN  no build target for: C:\Users\Utilisateur\Desktop\Cours\Univ\L2\Cal\calprojet1\src\main\scala\prettyprinter\prettyprinter.scala
2023.03.04 16:46:10 INFO  no build target found for C:\Users\Utilisateur\Desktop\Cours\Univ\L2\Cal\calprojet1\src\main\scala\prettyprinter\prettyprinter.scala. Using presentation compiler with project's scala-library version: 3.2.2
2023.03.04 16:46:13 INFO  time: code lens generation in 6.23s
2023.03.04 16:47:20 WARN  no build target for: C:\Users\Utilisateur\Desktop\Cours\Univ\L2\Cal\calprojet1\src\main\scala\prettyprinter\prettyprinter.scala
2023.03.04 16:52:39 WARN  no build target for: C:\Users\Utilisateur\Desktop\Cours\Univ\L2\Cal\calprojet1\src\main\scala\prettyprinter\prettyprinter.scala
2023.03.04 16:54:49 WARN  no build target for: C:\Users\Utilisateur\Desktop\Cours\Univ\L2\Cal\calprojet1\src\main\scala\prettyprinter\prettyprinter.scala
mars 04, 2023 4:56:06 PM org.eclipse.lsp4j.jsonrpc.RemoteEndpoint handleCancellation
WARNING: Unmatched cancel notification for request id 206
mars 04, 2023 4:56:27 PM org.eclipse.lsp4j.jsonrpc.services.GenericEndpoint notify
INFO: Unsupported notification method: $/setTrace
2023.03.04 16:56:43 WARN  no build target for: C:\Users\Utilisateur\Desktop\Cours\Univ\L2\Cal\calprojet1\src\main\scala\prettyprinter\prettyprinter.scala
2023.03.04 16:56:58 WARN  no build target for: C:\Users\Utilisateur\Desktop\Cours\Univ\L2\Cal\calprojet1\src\main\scala\prettyprinter\prettyprinter.scala
mars 04, 2023 4:59:02 PM scala.meta.internal.pc.CompilerAccess handleError
SEVERE: bad parameter reference CC at typer
the parameter is type CC in trait SeqOps but the prefix <noprefix>
does not define any corresponding arguments.
idx = 1, args = ,
constraint =  uninstantiated variables: 
 constrained types: 
 bounds: 
 ordering: 
dotty.tools.dotc.core.TypeError: bad parameter reference CC at typer
the parameter is type CC in trait SeqOps but the prefix <noprefix>
does not define any corresponding arguments.
idx = 1, args = ,
constraint =  uninstantiated variables: 
 constrained types: 
 bounds: 
 ordering: 
	at dotty.tools.dotc.core.Types$NamedType.argDenot(Types.scala:2428)
	at dotty.tools.dotc.core.Types$NamedType.fromDesignator$1(Types.scala:2341)
	at dotty.tools.dotc.core.Types$NamedType.computeDenot(Types.scala:2359)
	at dotty.tools.dotc.core.Types$NamedType.denot(Types.scala:2314)
	at dotty.tools.dotc.core.Types$NamedType.info(Types.scala:2302)
	at dotty.tools.dotc.core.Types$Type.dealias1(Types.scala:1379)
	at dotty.tools.dotc.core.Types$Type.dealias1(Types.scala:1385)
	at dotty.tools.dotc.core.Types$Type.dealias(Types.scala:1408)
	at dotty.tools.dotc.transform.TypeUtils$.tupleElementTypes(TypeUtils.scala:71)
	at dotty.tools.dotc.printing.RefinedPrinter.appliedText$1(RefinedPrinter.scala:221)
	at dotty.tools.dotc.printing.RefinedPrinter.toText$$anonfun$1(RefinedPrinter.scala:239)
	at dotty.tools.dotc.printing.MessageLimiter.controlled(MessageLimiter.scala:23)
	at dotty.tools.dotc.printing.PlainPrinter.controlled(PlainPrinter.scala:39)
	at dotty.tools.dotc.printing.RefinedPrinter.toText(RefinedPrinter.scala:306)
	at scala.meta.internal.pc.printer.DotcPrinter$Std.toText(DotcPrinter.scala:90)
	at scala.meta.internal.pc.printer.DotcPrinter$Std.tpe(DotcPrinter.scala:46)
	at scala.meta.internal.pc.printer.MetalsPrinter.tpe(MetalsPrinter.scala:76)
	at scala.meta.internal.pc.printer.MetalsPrinter.defaultMethodSignature(MetalsPrinter.scala:200)
	at scala.meta.internal.pc.printer.MetalsPrinter.hoverSymbol(MetalsPrinter.scala:102)
	at scala.meta.internal.pc.HoverProvider$.hover(HoverProvider.scala:102)

mars 04, 2023 4:59:03 PM org.eclipse.lsp4j.jsonrpc.RemoteEndpoint handleCancellation
WARNING: Unmatched cancel notification for request id 371
2023.03.04 16:59:14 WARN  no build target for: C:\Users\Utilisateur\Desktop\Cours\Univ\L2\Cal\calprojet1\src\main\scala\prettyprinter\prettyprinter.scala
2023.03.04 16:59:14 WARN  no build target for: C:\Users\Utilisateur\Desktop\Cours\Univ\L2\Cal\calprojet1\src\main\scala\prettyprinter\prettyprinter.scala
2023.03.04 16:59:14 WARN  no build target for: C:\Users\Utilisateur\Desktop\Cours\Univ\L2\Cal\calprojet1\src\main\scala\prettyprinter\prettyprinter.scala
2023.03.04 16:59:42 WARN  no build target for: C:\Users\Utilisateur\Desktop\Cours\Univ\L2\Cal\calprojet1\src\main\scala\prettyprinter\prettyprinter.scala
2023.03.04 16:59:54 WARN  no build target for: C:\Users\Utilisateur\Desktop\Cours\Univ\L2\Cal\calprojet1\src\main\scala\prettyprinter\prettyprinter.scala
2023.03.04 17:00:06 WARN  no build target for: C:\Users\Utilisateur\Desktop\Cours\Univ\L2\Cal\calprojet1\src\main\scala\prettyprinter\prettyprinter.scala
mars 04, 2023 5:00:54 PM org.eclipse.lsp4j.jsonrpc.RemoteEndpoint handleCancellation
WARNING: Unmatched cancel notification for request id 528
2023.03.04 17:01:21 WARN  no build target for: C:\Users\Utilisateur\Desktop\Cours\Univ\L2\Cal\calprojet1\src\main\scala\prettyprinter\prettyprinter.scala
2023.03.04 17:02:13 WARN  no build target for: C:\Users\Utilisateur\Desktop\Cours\Univ\L2\Cal\calprojet1\src\main\scala\prettyprinter\prettyprinter.scala
2023.03.04 17:02:59 WARN  no build target for: C:\Users\Utilisateur\Desktop\Cours\Univ\L2\Cal\calprojet1\src\main\scala\prettyprinter\prettyprinter.scala
2023.03.04 17:04:22 WARN  no build target for: C:\Users\Utilisateur\Desktop\Cours\Univ\L2\Cal\calprojet1\src\main\scala\prettyprinter\prettyprinter.scala
mars 04, 2023 5:04:25 PM org.eclipse.lsp4j.jsonrpc.RemoteEndpoint handleCancellation
WARNING: Unmatched cancel notification for request id 866
2023.03.04 17:05:20 WARN  no build target for: C:\Users\Utilisateur\Desktop\Cours\Univ\L2\Cal\calprojet1\src\main\scala\prettyprinter\prettyprinter.scala
2023.03.04 17:06:42 WARN  no build target for: C:\Users\Utilisateur\Desktop\Cours\Univ\L2\Cal\calprojet1\src\main\scala\prettyprinter\prettyprinter.scala
2023.03.04 17:11:58 WARN  no build target for: C:\Users\Utilisateur\Desktop\Cours\Univ\L2\Cal\calprojet1\src\main\scala\prettyprinter\prettyprinter.scala
2023.03.04 17:12:21 WARN  no build target for: C:\Users\Utilisateur\Desktop\Cours\Univ\L2\Cal\calprojet1\src\test\scala\test_commands.scala
2023.03.04 17:14:50 WARN  no build target for: C:\Users\Utilisateur\Desktop\Cours\Univ\L2\Cal\calprojet1\src\main\scala\prettyprinter\prettyprinter.scala
2023.03.04 17:14:52 WARN  no build target for: C:\Users\Utilisateur\Desktop\Cours\Univ\L2\Cal\calprojet1\src\main\scala\prettyprinter\prettyprinter.scala
